[Fri Mar 02 17:18:27.310820 2018] [ssl:warn] [pid 11972:tid 580] AH01909: localhost:443:0 server certificate does NOT include an ID which matches the server name
[Fri Mar 02 17:18:27.540772 2018] [ssl:warn] [pid 11972:tid 580] AH01909: localhost:443:0 server certificate does NOT include an ID which matches the server name
[Fri Mar 02 17:18:27.541271 2018] [mpm_winnt:notice] [pid 11972:tid 580] AH00455: Apache/2.4.29 (Win64) OpenSSL/1.0.2n configured -- resuming normal operations
[Fri Mar 02 17:18:27.541271 2018] [mpm_winnt:notice] [pid 11972:tid 580] AH00456: Server built: Nov  3 2017 01:27:20
[Fri Mar 02 17:18:27.541271 2018] [core:notice] [pid 11972:tid 580] AH00094: Command line: 'H:\\Git\\DOCRecord\\DOCRecord\\DOCRecord\\tomacat\\apache\\Apache24\\bin\\httpd.exe -d H:/Git/DOCRecord/DOCRecord/DOCRecord/tomacat/apache/Apache24'
[Fri Mar 02 17:18:27.558272 2018] [mpm_winnt:notice] [pid 11972:tid 580] AH00418: Parent: Created child process 13452
Apache server shutdown initiated...
sl:warn] [pid 13452:tid 580] AH01909: localhost:443:0 server certificate does NOT include an ID which matches the server name
[Fri Mar 02 17:18:28.615398 2018] [ssl:warn] [pid 13452:tid 580] AH01909: localhost:443:0 server certificate does NOT include an ID which matches the server name
[Fri Mar 02 17:18:28.635227 2018] [mpm_winnt:notice] [pid 13452:tid 580] AH00354: Child: Starting 64 worker threads.
[Fri Mar 02 17:18:46.972200 2018] [mpm_winnt:notice] [pid 11972:tid 580] AH00422: Parent: Received shutdown signal -- Shutting down the server.
[Fri Mar 02 17:18:48.973367 2018] [mpm_winnt:notice] [pid 13452:tid 580] AH00364: Child: All worker threads have exited.
[Fri Mar 02 17:18:48.989367 2018] [mpm_winnt:notice] [pid 11972:tid 580] AH00430: Parent: Child process 13452 exited successfully.
[Fri Mar 02 17:18:51.472296 2018] [ssl:warn] [pid 13764:tid 580] AH01909: localhost:443:0 server certificate does NOT include an ID which matches the server name
[Fri Mar 02 17:18:51.661461 2018] [ssl:warn] [pid 13764:tid 580] AH01909: localhost:443:0 server certificate does NOT include an ID which matches the server name
[Fri Mar 02 17:18:51.661960 2018] [mpm_winnt:notice] [pid 13764:tid 580] AH00455: Apache/2.4.29 (Win64) OpenSSL/1.0.2n configured -- resuming normal operations
[Fri Mar 02 17:18:51.661960 2018] [mpm_winnt:notice] [pid 13764:tid 580] AH00456: Server built: Nov  3 2017 01:27:20
[Fri Mar 02 17:18:51.661960 2018] [core:notice] [pid 13764:tid 580] AH00094: Command line: 'H:\\Git\\DOCRecord\\DOCRecord\\DOCRecord\\tomacat\\apache\\Apache24\\bin\\httpd.exe -d H:/Git/DOCRecord/DOCRecord/DOCRecord/tomacat/apache/Apache24'
[Fri Mar 02 17:18:51.678956 2018] [mpm_winnt:notice] [pid 13764:tid 580] AH00418: Parent: Created child process 11256
Apache server shutdown initiated...
sl:warn] [pid 11256:tid 584] AH01909: localhost:443:0 server certificate does NOT include an ID which matches the server name
[Fri Mar 02 17:18:52.748999 2018] [ssl:warn] [pid 11256:tid 584] AH01909: localhost:443:0 server certificate does NOT include an ID which matches the server name
[Fri Mar 02 17:18:52.749499 2018] [mpm_winnt:notice] [pid 11256:tid 584] AH00354: Child: Starting 64 worker threads.
[Fri Mar 02 17:19:04.955623 2018] [mpm_winnt:notice] [pid 13764:tid 580] AH00422: Parent: Received shutdown signal -- Shutting down the server.
[Fri Mar 02 17:19:06.956409 2018] [mpm_winnt:notice] [pid 11256:tid 584] AH00364: Child: All worker threads have exited.
[Fri Mar 02 17:19:06.972410 2018] [mpm_winnt:notice] [pid 13764:tid 580] AH00430: Parent: Child process 11256 exited successfully.
